<?xml version="1.0" encoding="UTF-8"?>
<robot generator="Robot 5.0.1 (Python 3.10.5 on win32)" generated="20220620 21:58:41.832" rpa="false" schemaversion="3">
<suite id="s1" name="Testlogin" source="C:\Users\Indodana Admin\TestLoginWebPresisi\Testlogin.robot">
<kw name="Open Browser" library="SeleniumLibrary" type="SETUP">
<arg>${base_url}</arg>
<arg>${browser_type}</arg>
<doc>Opens a new browser instance to the optional ``url``.</doc>
<msg timestamp="20220620 21:58:42.020" level="INFO">Opening browser 'Chrome' to base url 'https://pub-eish-dev.keponet.com/frontend/login'.</msg>
<status status="PASS" starttime="20220620 21:58:42.019" endtime="20220620 21:58:43.802"/>
</kw>
<test id="s1-t1" line="12">
<status status="FAIL" starttime="20220620 21:58:43.802" endtime="20220620 21:58:43.803">Test name cannot be empty.</status>
</test>
<test id="s1-t2" name="I Login With valid email but Invalid password" line="18">
<kw name="Maximize Browser Window" library="SeleniumLibrary">
<doc>Maximizes current browser window.</doc>
<status status="PASS" starttime="20220620 21:58:43.806" endtime="20220620 21:58:43.934"/>
</kw>
<kw name="Input Text" library="SeleniumLibrary">
<arg>//input[@id="email"]</arg>
<arg>jenareishsatu@yopmail.com</arg>
<doc>Types the given ``text`` into the text field identified by ``locator``.</doc>
<msg timestamp="20220620 21:58:43.935" level="INFO">Typing text 'jenareishsatu@yopmail.com' into text field '//input[@id="email"]'.</msg>
<status status="PASS" starttime="20220620 21:58:43.935" endtime="20220620 21:58:44.039"/>
</kw>
<kw name="Input Password" library="SeleniumLibrary">
<arg>//input[@id="password"]</arg>
<arg>12345</arg>
<doc>Types the given password into the text field identified by ``locator``.</doc>
<msg timestamp="20220620 21:58:44.040" level="INFO">Typing password into text field '//input[@id="password"]'.</msg>
<msg timestamp="20220620 21:58:44.070" level="INFO">Temporally setting log level to: NONE</msg>
<msg timestamp="20220620 21:58:44.105" level="INFO">Log level changed from NONE to INFO.</msg>
<status status="PASS" starttime="20220620 21:58:44.040" endtime="20220620 21:58:44.105"/>
</kw>
<kw name="Click Element" library="SeleniumLibrary">
<arg>//button[@type="submit"]</arg>
<doc>Click the element identified by ``locator``.</doc>
<msg timestamp="20220620 21:58:44.106" level="INFO">Clicking element '//button[@type="submit"]'.</msg>
<status status="PASS" starttime="20220620 21:58:44.105" endtime="20220620 21:58:44.269"/>
</kw>
<kw name="Element Should Not Be Visible" library="SeleniumLibrary">
<arg>//img[@id="menu-logo"]</arg>
<doc>Verifies that the element identified by ``locator`` is NOT visible.</doc>
<msg timestamp="20220620 21:58:44.281" level="INFO">Element '//img[@id="menu-logo"]' did not exist.</msg>
<status status="PASS" starttime="20220620 21:58:44.269" endtime="20220620 21:58:44.281"/>
</kw>
<status status="PASS" starttime="20220620 21:58:43.805" endtime="20220620 21:58:44.281"/>
</test>
<test id="s1-t3" name="I Login With invalid email but valid password" line="25">
<kw name="Maximize Browser Window" library="SeleniumLibrary">
<doc>Maximizes current browser window.</doc>
<status status="PASS" starttime="20220620 21:58:44.283" endtime="20220620 21:58:44.287"/>
</kw>
<kw name="Input Text" library="SeleniumLibrary">
<arg>//input[@id="email"]</arg>
<arg>aishamad93@gmail.com</arg>
<doc>Types the given ``text`` into the text field identified by ``locator``.</doc>
<msg timestamp="20220620 21:58:44.288" level="INFO">Typing text 'aishamad93@gmail.com' into text field '//input[@id="email"]'.</msg>
<status status="PASS" starttime="20220620 21:58:44.287" endtime="20220620 21:58:44.360"/>
</kw>
<kw name="Input Password" library="SeleniumLibrary">
<arg>//input[@id="password"]</arg>
<arg>12345678</arg>
<doc>Types the given password into the text field identified by ``locator``.</doc>
<msg timestamp="20220620 21:58:44.361" level="INFO">Typing password into text field '//input[@id="password"]'.</msg>
<msg timestamp="20220620 21:58:44.385" level="INFO">Temporally setting log level to: NONE</msg>
<msg timestamp="20220620 21:58:44.416" level="INFO">Log level changed from NONE to INFO.</msg>
<status status="PASS" starttime="20220620 21:58:44.360" endtime="20220620 21:58:44.416"/>
</kw>
<kw name="Click Element" library="SeleniumLibrary">
<arg>//button[@type="submit"]</arg>
<doc>Click the element identified by ``locator``.</doc>
<msg timestamp="20220620 21:58:44.417" level="INFO">Clicking element '//button[@type="submit"]'.</msg>
<status status="PASS" starttime="20220620 21:58:44.417" endtime="20220620 21:58:44.522"/>
</kw>
<kw name="Element Should Not Be Visible" library="SeleniumLibrary">
<arg>//img[@id="menu-logo"]</arg>
<doc>Verifies that the element identified by ``locator`` is NOT visible.</doc>
<msg timestamp="20220620 21:58:44.532" level="INFO">Element '//img[@id="menu-logo"]' did not exist.</msg>
<status status="PASS" starttime="20220620 21:58:44.522" endtime="20220620 21:58:44.532"/>
</kw>
<status status="PASS" starttime="20220620 21:58:44.282" endtime="20220620 21:58:44.532"/>
</test>
<test id="s1-t4" name="I Login did not fill in the email but a valid password" line="32">
<kw name="Maximize Browser Window" library="SeleniumLibrary">
<doc>Maximizes current browser window.</doc>
<status status="PASS" starttime="20220620 21:58:44.535" endtime="20220620 21:58:44.538"/>
</kw>
<kw name="Input Text" library="SeleniumLibrary">
<arg>//input[@id="email"]</arg>
<doc>Types the given ``text`` into the text field identified by ``locator``.</doc>
<msg timestamp="20220620 21:58:44.538" level="FAIL">Keyword 'SeleniumLibrary.Input Text' expected 2 to 3 arguments, got 1.</msg>
<status status="FAIL" starttime="20220620 21:58:44.538" endtime="20220620 21:58:44.538"/>
</kw>
<kw name="Input Password" library="SeleniumLibrary">
<arg>//input[@id="password"]</arg>
<arg>12345678</arg>
<doc>Types the given password into the text field identified by ``locator``.</doc>
<status status="NOT RUN" starttime="20220620 21:58:44.538" endtime="20220620 21:58:44.538"/>
</kw>
<kw name="Click Element" library="SeleniumLibrary">
<arg>//button[@type="submit"]</arg>
<doc>Click the element identified by ``locator``.</doc>
<status status="NOT RUN" starttime="20220620 21:58:44.538" endtime="20220620 21:58:44.538"/>
</kw>
<kw name="Element Should Not Be Visible" library="SeleniumLibrary">
<arg>//img[@id="menu-logo"]</arg>
<doc>Verifies that the element identified by ``locator`` is NOT visible.</doc>
<status status="NOT RUN" starttime="20220620 21:58:44.539" endtime="20220620 21:58:44.539"/>
</kw>
<status status="FAIL" starttime="20220620 21:58:44.534" endtime="20220620 21:58:44.539">Keyword 'SeleniumLibrary.Input Text' expected 2 to 3 arguments, got 1.</status>
</test>
<kw name="Close Browser" library="SeleniumLibrary" type="TEARDOWN">
<doc>Closes the current browser.</doc>
<status status="PASS" starttime="20220620 21:58:44.540" endtime="20220620 21:58:46.716"/>
</kw>
<status status="FAIL" starttime="20220620 21:58:41.834" endtime="20220620 21:58:46.716"/>
</suite>
<statistics>
<total>
<stat pass="2" fail="2" skip="0">All Tests</stat>
</total>
<tag>
</tag>
<suite>
<stat pass="2" fail="2" skip="0" id="s1" name="Testlogin">Testlogin</stat>
</suite>
</statistics>
<errors>
</errors>
</robot>
